{
  "stats": {
    "suites": 3,
    "tests": 3,
    "passes": 3,
    "pending": 0,
    "failures": 0,
    "start": "2025-04-27T20:55:24.328Z",
    "end": "2025-04-27T20:55:28.591Z",
    "duration": 4263,
    "testsRegistered": 3,
    "passPercent": 100,
    "pendingPercent": 0,
    "other": 0,
    "hasOther": false,
    "skipped": 0,
    "hasSkipped": false
  },
  "results": [
    {
      "uuid": "102d3851-d2be-4cd6-9952-6a148b7bef9c",
      "title": "",
      "fullFile": "cypress/e2e/home.cy.js",
      "file": "cypress/e2e/home.cy.js",
      "beforeHooks": [],
      "afterHooks": [],
      "tests": [],
      "suites": [
        {
          "uuid": "1a70e2ac-f72b-490b-bf89-7dad2e3a0d61",
          "title": "ユーザー登録フォームのテスト",
          "fullFile": "",
          "file": "",
          "beforeHooks": [],
          "afterHooks": [],
          "tests": [
            {
              "title": "正しい情報で登録できること",
              "fullTitle": "ユーザー登録フォームのテスト 正しい情報で登録できること",
              "timedOut": null,
              "duration": 2000,
              "state": "passed",
              "speed": "fast",
              "pass": true,
              "fail": false,
              "pending": false,
              "context": null,
              "code": "cy.visit('/');\ncy.contains('名前と年齢を入力する').click();\ncy.get('input[name=\"name\"]').type('太郎');\ncy.get('input[name=\"age\"]').type('25');\ncy.get('form').submit();\ncy.url().should('include', '/users');",
              "err": {},
              "uuid": "a94bb802-268b-4228-8122-70de89876f8b",
              "parentUUID": "1a70e2ac-f72b-490b-bf89-7dad2e3a0d61",
              "isHook": false,
              "skipped": false
            }
          ],
          "suites": [],
          "passes": [
            "a94bb802-268b-4228-8122-70de89876f8b"
          ],
          "failures": [],
          "pending": [],
          "skipped": [],
          "duration": 2000,
          "root": false,
          "rootEmpty": false,
          "_timeout": 2000
        },
        {
          "uuid": "3f8130d3-847d-4639-bfdb-8ffc0069d4af",
          "title": "ユーザー削除のテスト",
          "fullFile": "",
          "file": "",
          "beforeHooks": [],
          "afterHooks": [],
          "tests": [
            {
              "title": "登録したユーザーを削除できること",
              "fullTitle": "ユーザー削除のテスト 登録したユーザーを削除できること",
              "timedOut": null,
              "duration": 1095,
              "state": "passed",
              "speed": "fast",
              "pass": true,
              "fail": false,
              "pending": false,
              "context": null,
              "code": "cy.visit('/');\ncy.contains('名前と年齢を入力する').click();\ncy.get('input[name=\"name\"]').type('削除テスト');\ncy.get('input[name=\"age\"]').type('30');\ncy.get('form').submit();\ncy.url().should('include', '/users');\ncy.contains('削除テスト').should('exist');\ncy.contains('削除テスト').parent().find('a:contains(\"削除\")').click();\ncy.on('window:confirm', () => true); // confirmをOKする\ncy.url().should('include', '/users');\n// ここが超大事！！！リスト全体の再ロードを待つ\ncy.get('ul').should('exist'); // リスト存在確認\ncy.wait(500); // レンダリング待ち\ncy.contains('削除テスト').should('not.exist'); // ここで再確認！",
              "err": {},
              "uuid": "effe1ee9-87d4-4bd3-a93e-cb02b5d55842",
              "parentUUID": "3f8130d3-847d-4639-bfdb-8ffc0069d4af",
              "isHook": false,
              "skipped": false
            }
          ],
          "suites": [],
          "passes": [
            "effe1ee9-87d4-4bd3-a93e-cb02b5d55842"
          ],
          "failures": [],
          "pending": [],
          "skipped": [],
          "duration": 1095,
          "root": false,
          "rootEmpty": false,
          "_timeout": 2000
        },
        {
          "uuid": "9c026dae-8500-475d-91a6-06f6856e2e60",
          "title": "ユーザー編集のテスト",
          "fullFile": "",
          "file": "",
          "beforeHooks": [],
          "afterHooks": [],
          "tests": [
            {
              "title": "登録したユーザーを編集できること",
              "fullTitle": "ユーザー編集のテスト 登録したユーザーを編集できること",
              "timedOut": null,
              "duration": 1088,
              "state": "passed",
              "speed": "fast",
              "pass": true,
              "fail": false,
              "pending": false,
              "context": null,
              "code": "cy.visit('/');\ncy.contains('名前と年齢を入力する').click();\ncy.get('input[name=\"name\"]').type('編集前');\ncy.get('input[name=\"age\"]').type('22');\ncy.get('form').submit();\ncy.url().should('include', '/users');\ncy.contains('編集前').should('exist');\ncy.contains('編集前').parent().find('a:contains(\"編集\")').click();\ncy.get('form').should('exist');\ncy.get('input[name=\"name\"]').clear().type('編集後').should('have.value', '編集後');\ncy.get('input[name=\"age\"]').clear().type('23').should('have.value', '23');\ncy.get('form').submit();\n// ★ URLリダイレクトだけまず確認\ncy.url().should('include', '/users');\n// ★ さらにリストじゃなく、直接「編集後」が出現するか待つ\ncy.contains('編集後', {\n  timeout: 5000\n}).should('exist');\ncy.contains('23歳').should('exist');",
              "err": {},
              "uuid": "e226b556-4e97-4f62-add8-2035e62c6cdb",
              "parentUUID": "9c026dae-8500-475d-91a6-06f6856e2e60",
              "isHook": false,
              "skipped": false
            }
          ],
          "suites": [],
          "passes": [
            "e226b556-4e97-4f62-add8-2035e62c6cdb"
          ],
          "failures": [],
          "pending": [],
          "skipped": [],
          "duration": 1088,
          "root": false,
          "rootEmpty": false,
          "_timeout": 2000
        }
      ],
      "passes": [],
      "failures": [],
      "pending": [],
      "skipped": [],
      "duration": 0,
      "root": true,
      "rootEmpty": true,
      "_timeout": 2000
    }
  ],
  "meta": {
    "mocha": {
      "version": "7.2.0"
    },
    "mochawesome": {
      "options": {
        "quiet": false,
        "reportFilename": "mochawesome",
        "saveHtml": true,
        "saveJson": true,
        "consoleReporter": "spec",
        "useInlineDiffs": false,
        "code": true
      },
      "version": "7.1.3"
    },
    "marge": {
      "options": {
        "reportDir": "cypress/reports/mochawesome",
        "overwrite": false,
        "html": true,
        "json": true
      },
      "version": "6.2.0"
    }
  }
}