{
  "stats": {
    "suites": 3,
    "tests": 3,
    "passes": 3,
    "pending": 0,
    "failures": 0,
    "start": "2025-04-28T00:20:21.835Z",
    "end": "2025-04-28T00:20:25.779Z",
    "duration": 3944,
    "testsRegistered": 3,
    "passPercent": 100,
    "pendingPercent": 0,
    "other": 0,
    "hasOther": false,
    "skipped": 0,
    "hasSkipped": false
  },
  "results": [
    {
      "uuid": "252ef585-fe34-47ee-a718-7750e8fce7e9",
      "title": "",
      "fullFile": "cypress/e2e/home.cy.js",
      "file": "cypress/e2e/home.cy.js",
      "beforeHooks": [],
      "afterHooks": [],
      "tests": [],
      "suites": [
        {
          "uuid": "9b090fb0-a394-473a-bb24-4af1db3a04f3",
          "title": "ユーザー登録フォームのテスト",
          "fullFile": "",
          "file": "",
          "beforeHooks": [],
          "afterHooks": [],
          "tests": [
            {
              "title": "正しい情報で登録できること",
              "fullTitle": "ユーザー登録フォームのテスト 正しい情報で登録できること",
              "timedOut": null,
              "duration": 1644,
              "state": "passed",
              "speed": "fast",
              "pass": true,
              "fail": false,
              "pending": false,
              "context": null,
              "code": "cy.visit('/');\ncy.contains('名前と年齢を入力する').click();\ncy.get('input[name=\"name\"]').type('太郎');\ncy.get('input[name=\"age\"]').type('25');\ncy.get('form').submit();\ncy.url().should('include', '/users');",
              "err": {},
              "uuid": "50d4e8a4-1e47-40ea-a19a-0cee96567ad4",
              "parentUUID": "9b090fb0-a394-473a-bb24-4af1db3a04f3",
              "isHook": false,
              "skipped": false
            }
          ],
          "suites": [],
          "passes": [
            "50d4e8a4-1e47-40ea-a19a-0cee96567ad4"
          ],
          "failures": [],
          "pending": [],
          "skipped": [],
          "duration": 1644,
          "root": false,
          "rootEmpty": false,
          "_timeout": 2000
        },
        {
          "uuid": "0851a6d7-f6df-4303-a596-c3431b649b30",
          "title": "ユーザー削除のテスト",
          "fullFile": "",
          "file": "",
          "beforeHooks": [],
          "afterHooks": [],
          "tests": [
            {
              "title": "登録したユーザーを削除できること",
              "fullTitle": "ユーザー削除のテスト 登録したユーザーを削除できること",
              "timedOut": null,
              "duration": 1109,
              "state": "passed",
              "speed": "fast",
              "pass": true,
              "fail": false,
              "pending": false,
              "context": null,
              "code": "cy.visit('/');\ncy.contains('名前と年齢を入力する').click();\ncy.get('input[name=\"name\"]').type('削除テスト');\ncy.get('input[name=\"age\"]').type('30');\ncy.get('form').submit();\ncy.url().should('include', '/users');\ncy.contains('削除テスト').should('exist');\ncy.contains('削除テスト').parent().find('a:contains(\"削除\")').click();\ncy.on('window:confirm', () => true); // confirmをOKする\ncy.url().should('include', '/users');\n// ここが超大事！！！リスト全体の再ロードを待つ\ncy.get('ul').should('exist'); // リスト存在確認\ncy.wait(500); // レンダリング待ち\ncy.contains('削除テスト').should('not.exist'); // ここで再確認！",
              "err": {},
              "uuid": "3e69beba-3d58-4a16-aac1-bc4085d43cac",
              "parentUUID": "0851a6d7-f6df-4303-a596-c3431b649b30",
              "isHook": false,
              "skipped": false
            }
          ],
          "suites": [],
          "passes": [
            "3e69beba-3d58-4a16-aac1-bc4085d43cac"
          ],
          "failures": [],
          "pending": [],
          "skipped": [],
          "duration": 1109,
          "root": false,
          "rootEmpty": false,
          "_timeout": 2000
        },
        {
          "uuid": "70fafdee-03de-4b3b-b827-a0d0fccfecc0",
          "title": "ユーザー編集のテスト",
          "fullFile": "",
          "file": "",
          "beforeHooks": [],
          "afterHooks": [],
          "tests": [
            {
              "title": "登録したユーザーを編集できること",
              "fullTitle": "ユーザー編集のテスト 登録したユーザーを編集できること",
              "timedOut": null,
              "duration": 1115,
              "state": "passed",
              "speed": "fast",
              "pass": true,
              "fail": false,
              "pending": false,
              "context": null,
              "code": "cy.visit('/');\ncy.contains('名前と年齢を入力する').click();\ncy.get('input[name=\"name\"]').type('編集前');\ncy.get('input[name=\"age\"]').type('22');\ncy.get('form').submit();\ncy.url().should('include', '/users');\ncy.contains('編集前').should('exist');\ncy.contains('編集前').parent().find('a:contains(\"編集\")').click();\ncy.get('form').should('exist');\ncy.get('input[name=\"name\"]').clear().type('編集後').should('have.value', '編集後');\ncy.get('input[name=\"age\"]').clear().type('23').should('have.value', '23');\ncy.get('form').submit();\n// ★ URLリダイレクトだけまず確認\ncy.url().should('include', '/users');\n// ★ さらにリストじゃなく、直接「編集後」が出現するか待つ\ncy.contains('編集後', {\n  timeout: 5000\n}).should('exist');\ncy.contains('23歳').should('exist');",
              "err": {},
              "uuid": "b2641bff-482c-40a2-b18c-be568c0c630c",
              "parentUUID": "70fafdee-03de-4b3b-b827-a0d0fccfecc0",
              "isHook": false,
              "skipped": false
            }
          ],
          "suites": [],
          "passes": [
            "b2641bff-482c-40a2-b18c-be568c0c630c"
          ],
          "failures": [],
          "pending": [],
          "skipped": [],
          "duration": 1115,
          "root": false,
          "rootEmpty": false,
          "_timeout": 2000
        }
      ],
      "passes": [],
      "failures": [],
      "pending": [],
      "skipped": [],
      "duration": 0,
      "root": true,
      "rootEmpty": true,
      "_timeout": 2000
    }
  ],
  "meta": {
    "mocha": {
      "version": "7.2.0"
    },
    "mochawesome": {
      "options": {
        "quiet": false,
        "reportFilename": "mochawesome",
        "saveHtml": true,
        "saveJson": true,
        "consoleReporter": "spec",
        "useInlineDiffs": false,
        "code": true
      },
      "version": "7.1.3"
    },
    "marge": {
      "options": {
        "reportDir": "cypress/reports/mochawesome",
        "overwrite": false,
        "html": true,
        "json": true
      },
      "version": "6.2.0"
    }
  }
}